
Showing logs for build [32mcb-kubecd-bdd-gh-1575992411-pr-1[0m stage [32mfrom-build-pack[0m and container [32mstep-credential-initializer-c88gp[0m
{"level":"warn","ts":1575994328.8261907,"logger":"fallback-logger","caller":"logging/config.go:69","msg":"Fetch GitHub commit ID from kodata failed: \"ref: refs/heads/master\" is not a valid GitHub commit ID"}
{"level":"info","ts":1575994328.8272796,"logger":"fallback-logger","caller":"creds-init/main.go:40","msg":"Credentials initialized."}

Showing logs for build [32mcb-kubecd-bdd-gh-1575992411-pr-1[0m stage [32mfrom-build-pack[0m and container [32mstep-working-dir-initializer-6tjbr[0m
{"level":"warn","ts":1575994329.7635453,"logger":"fallback-logger","caller":"logging/config.go:69","msg":"Fetch GitHub commit ID from kodata failed: open /var/run/ko/HEAD: no such file or directory"}
{"level":"info","ts":1575994329.7663043,"logger":"fallback-logger","caller":"bash/main.go:65","msg":"Successfully executed command \"mkdir -p /workspace/source\""}

Showing logs for build [32mcb-kubecd-bdd-gh-1575992411-pr-1[0m stage [32mfrom-build-pack[0m and container [32mstep-place-tools[0m

Showing logs for build [32mcb-kubecd-bdd-gh-1575992411-pr-1[0m stage [32mfrom-build-pack[0m and container [32mstep-git-source-cb-kubecd-bdd-gh-1575992411-pr-b7lzb[0m
{"level":"warn","ts":1575994361.9065874,"logger":"fallback-logger","caller":"logging/config.go:69","msg":"Fetch GitHub commit ID from kodata failed: \"ref: refs/heads/master\" is not a valid GitHub commit ID"}
{"level":"info","ts":1575994363.1074495,"logger":"fallback-logger","caller":"git/git.go:102","msg":"Successfully cloned https://github.com/cb-kubecd/bdd-gh-1575992411.git @ master in path /workspace/source"}

Showing logs for build [32mcb-kubecd-bdd-gh-1575992411-pr-1[0m stage [32mfrom-build-pack[0m and container [32mstep-git-merge[0m
Using SHAs from PULL_REFS=master:40ec438934c1bfdaea04a7b5cd5a09f89fcff5ba,1:e18fad379b62502352ceb7e79d4116c1d230adcf
DEBUG: ran git fetch --unshallow origin e18fad379b62502352ceb7e79d4116c1d230adcf: 40ec438934c1bfdaea04a7b5cd5a09f89fcff5ba: in 
DEBUG: ran git checkout master in 
DEBUG: ran git reset --hard 40ec438934c1bfdaea04a7b5cd5a09f89fcff5ba in 
DEBUG: ran clean --force -d . in 
DEBUG: ran git merge e18fad379b62502352ceb7e79d4116c1d230adcf in 
Merged SHA e18fad379b62502352ceb7e79d4116c1d230adcf with commit message 'My first PR commit' into base branch master

Showing logs for build [32mcb-kubecd-bdd-gh-1575992411-pr-1[0m stage [32mfrom-build-pack[0m and container [32mstep-build-make-linux[0m
CGO_ENABLED=0 GOOS=linux GOARCH=amd64 GO15VENDOREXPERIMENT=1 go build -ldflags '' -o bin/bdd-gh-1575992411 main.go

Showing logs for build [32mcb-kubecd-bdd-gh-1575992411-pr-1[0m stage [32mfrom-build-pack[0m and container [32mstep-build-container-build[0m
[36mINFO[0m[0000] No base image, nothing to extract            
[36mINFO[0m[0000] cmd: EXPOSE                                  
[36mINFO[0m[0000] Adding exposed port: 8080/tcp                
[36mINFO[0m[0000] Using files from context: [/workspace/source/bin] 
[36mINFO[0m[0000] Skipping unpacking as no commands require it. 
[36mINFO[0m[0000] Taking snapshot of full filesystem...        
[36mINFO[0m[0000] EXPOSE 8080                                  
[36mINFO[0m[0000] cmd: EXPOSE                                  
[36mINFO[0m[0000] Adding exposed port: 8080/tcp                
[36mINFO[0m[0000] No files changed in this command, skipping snapshotting. 
[36mINFO[0m[0000] ENTRYPOINT ["/bdd-gh-1575992411"]            
[36mINFO[0m[0000] No files changed in this command, skipping snapshotting. 
[36mINFO[0m[0000] Using files from context: [/workspace/source/bin] 
[36mINFO[0m[0000] COPY ./bin/ /                                
[36mINFO[0m[0000] Taking snapshot of files...                  
2019/12/10 16:12:59 pushed blob: sha256:2c7e1eeffb9f40c56d6bc92c890be6d5edbbc21f625803a37be7f1bc14946a29
2019/12/10 16:13:00 pushed blob: sha256:79d19aea4573c3d3c0251774dea9192a484e1897cbe418ace4d81c5c79e56f7c
2019/12/10 16:13:01 gcr.io/jenkins-x-bdd3/bdd-gh-1575992411:0.0.0-SNAPSHOT-PR-1-1: digest: sha256:f26cf2cb2505e4d77ba78b6f480f68273badd5f9ac0561296ad746c57ebd0424 size: 428

Showing logs for build [32mcb-kubecd-bdd-gh-1575992411-pr-1[0m stage [32mfrom-build-pack[0m and container [32mstep-postbuild-post-build[0m
no CVE provider running in the current ** namespace so skip adding image to be analysed

Showing logs for build [32mcb-kubecd-bdd-gh-1575992411-pr-1[0m stage [32mfrom-build-pack[0m and container [32mstep-promote-make-preview[0m
sed -i -e "s/version:.*/version: 0.0.0-SNAPSHOT-PR-1-1/" Chart.yaml
sed -i -e "s/version:.*/version: 0.0.0-SNAPSHOT-PR-1-1/" ../*/Chart.yaml
sed -i -e "s|repository:.*|repository: gcr.io\/jenkins-x-bdd3\/bdd-gh-1575992411|" values.yaml
sed -i -e "s/tag:.*/tag: 0.0.0-SNAPSHOT-PR-1-1/" values.yaml
echo "  version: 0.0.0-SNAPSHOT-PR-1-1" >> requirements.yaml
** step helm build
WARNING: No $CHART_REPOSITORY defined so using the default value of: http://jenkins-x-chartmuseum:8080
Adding missing Helm repo: storage.googleapis.com https://storage.googleapis.com/chartmuseum.jenkins-x.io
Read credentials for https://storage.googleapis.com/chartmuseum.jenkins-x.io from vault helm/repos
Successfully added Helm repository storage.googleapis.com.
Adding missing Helm repo: jenkins-x-chartmuseum http://jenkins-x-chartmuseum:8080
Read credentials for http://jenkins-x-chartmuseum:8080 from vault helm/repos
Successfully added Helm repository jenkins-x-chartmuseum.
WARNING: No $CHART_REPOSITORY defined so using the default value of: http://jenkins-x-chartmuseum:8080
Adding missing Helm repo: chartmuseum.jenkins-x.io http://chartmuseum.jenkins-x.io
Read credentials for http://chartmuseum.jenkins-x.io from vault helm/repos
Successfully added Helm repository chartmuseum.jenkins-x.io.

Showing logs for build [32mcb-kubecd-bdd-gh-1575992411-pr-1[0m stage [32mfrom-build-pack[0m and container [32mstep-promote-jx-preview[0m
Creating a preview
Created environment cb-kubecd-bdd-gh-1575992411-pr-1
Namespace **-cb-kubecd-bdd-gh-1575992411-pr-1 created 
expose:
  Annotations:
    helm.sh/hook: post-install,post-upgrade
    helm.sh/hook-delete-policy: hook-succeeded
  config:
    domain: 35.233.47.113.nip.io
    exposer: Ingress
    http: "true"
preview:
  image:
    repository: gcr.io/jenkins-x-bdd3/bdd-gh-1575992411
    tag: 0.0.0-SNAPSHOT-PR-1-1


Updating PipelineActivities cb-kubecd-bdd-gh-1575992411-pr-1-1 which has status Running
WARNING: preview application http://bdd-gh-1575992411.**-cb-kubecd-bdd-gh-1575992411-pr-1.35.233.47.113.nip.io not available, error was 503 503 Service Temporarily Unavailable, delaying for: 1.426986804s
WARNING: preview application http://bdd-gh-1575992411.**-cb-kubecd-bdd-gh-1575992411-pr-1.35.233.47.113.nip.io not available, error was 503 503 Service Temporarily Unavailable, delaying for: 1.786258247s
Preview application is now available at: http://bdd-gh-1575992411.**-cb-kubecd-bdd-gh-1575992411-pr-1.35.233.47.113.nip.io
